<?xml version="1.0" encoding="UTF-8"?>
<testng-results ignored="0" total="1" passed="1" failed="0" skipped="0">
  <reporter-output>
  </reporter-output>
  <suite started-at="2023-05-08T17:11:16 PKT" name="Default suite" finished-at="2023-05-08T17:12:01 PKT" duration-ms="44999">
    <groups>
    </groups>
    <test started-at="2023-05-08T17:11:16 PKT" name="Default test" finished-at="2023-05-08T17:12:01 PKT" duration-ms="44999">
      <class name="TestPackage.LoginTest">
        <test-method is-config="true" signature="BrowserOpen()[pri:0, instance:TestPackage.LoginTest@10feca44]" started-at="2023-05-08T17:11:16 PKT" name="BrowserOpen" finished-at="2023-05-08T17:11:19 PKT" duration-ms="3048" status="PASS">
          <reporter-output>
          </reporter-output>
        </test-method> <!-- BrowserOpen -->
        <test-method signature="testlogin()[pri:0, instance:TestPackage.LoginTest@10feca44]" started-at="2023-05-08T17:11:19 PKT" name="testlogin" finished-at="2023-05-08T17:12:01 PKT" duration-ms="41910" status="PASS">
          <reporter-output>
          </reporter-output>
        </test-method> <!-- testlogin -->
        <test-method is-config="true" signature="close()[pri:0, instance:TestPackage.LoginTest@10feca44]" started-at="2023-05-08T17:12:01 PKT" name="close" finished-at="2023-05-08T17:12:01 PKT" duration-ms="0" status="PASS">
          <reporter-output>
          </reporter-output>
        </test-method> <!-- close -->
      </class> <!-- TestPackage.LoginTest -->
    </test> <!-- Default test -->
  </suite> <!-- Default suite -->
</testng-results>
